[01m[K/home/npicbot/robocon_ws/src/robot_localization/src/odometry_publisher_i.cpp:[m[K In member function â€˜[01m[Kvoid OdometryPublisher::publish()[m[Kâ€™:
[01m[K/home/npicbot/robocon_ws/src/robot_localization/src/odometry_publisher_i.cpp:55:27:[m[K [01;31m[Kerror: [m[Kâ€˜[01m[Kx_[m[Kâ€™ was not declared in this scope; did you mean â€˜[01m[Kvx_[m[Kâ€™?
   55 |         double linear_x = [01;31m[Kx_[m[K*cos(current_theta) - vy_*sin(current_theta);
      |                           [01;31m[K^~[m[K
      |                           [32m[Kvx_[m[K
gmake[2]: *** [CMakeFiles/odometry_robot_i.dir/build.make:76: CMakeFiles/odometry_robot_i.dir/src/odometry_publisher_i.cpp.o] Error 1
gmake[1]: *** [CMakeFiles/Makefile2:141: CMakeFiles/odometry_robot_i.dir/all] Error 2
gmake: *** [Makefile:146: all] Error 2
